2016-11-09 10:45:44 ERROR dm-downloader:21 - error test
2016-11-09 10:45:44 ERROR dm-downloader:21 - error test
2016-11-09 10:45:44 WARN  dm-downloader:22 - warn test
2016-11-09 10:45:44 WARN  dm-downloader:22 - warn test
2016-11-09 10:46:35 ERROR dm-downloader:21 - error test
2016-11-09 10:46:35 ERROR dm-downloader:21 - error test
2016-11-09 10:46:35 WARN  dm-downloader:22 - warn test
2016-11-09 10:46:35 WARN  dm-downloader:22 - warn test
2016-11-09 10:47:07 ERROR dm-downloader:21 - error test
2016-11-09 10:47:07 ERROR dm-downloader:21 - error test
2016-11-09 10:47:07 WARN  dm-downloader:22 - warn test
2016-11-09 10:47:07 WARN  dm-downloader:22 - warn test
2016-11-09 10:48:53 ERROR dm-downloader:21 - error test
2016-11-09 10:48:53 WARN  dm-downloader:22 - warn test
2016-11-09 10:55:13 ERROR dm_downloader:21 - error test
2016-11-09 10:55:13 WARN  dm_downloader:22 - warn test
2016-11-09 10:55:30 ERROR dm_downloader:21 - error test
2016-11-09 10:55:30 WARN  dm_downloader:22 - warn test
2016-11-09 10:57:20 ERROR dm_downloader:21 - error test
2016-11-09 10:57:21 WARN  dm_downloader:22 - warn test
2016-11-09 10:57:40 ERROR App:21 - error test
2016-11-09 10:57:40 WARN  App:22 - warn test
